#
# There is insufficient memory for the Java Runtime Environment to continue.
# Native memory allocation (mmap) failed to map 164626432 bytes for committing reserved memory.
# Possible reasons:
#   The system is out of physical RAM or swap space
#   In 32 bit mode, the process size limit was hit
# Possible solutions:
#   Reduce memory load on the system
#   Increase physical memory or swap space
#   Check if swap backing store is full
#   Use 64 bit Java on a 64 bit OS
#   Decrease Java heap size (-Xmx/-Xms)
#   Decrease number of Java threads
#   Decrease Java thread stack sizes (-Xss)
#   Set larger code cache with -XX:ReservedCodeCacheSize=
# This output file may be truncated or incomplete.
#
#  Out of Memory Error (os_linux.cpp:2627), pid=8721, tid=0x00007f7cd8bfb700
#
# JRE version: Java(TM) SE Runtime Environment (8.0_121-b13) (build 1.8.0_121-b13)
# Java VM: Java HotSpot(TM) 64-Bit Server VM (25.121-b13 mixed mode linux-amd64 compressed oops)
# Failed to write core dump. Core dumps have been disabled. To enable core dumping, try "ulimit -c unlimited" before starting Java again
#

---------------  T H R E A D  ---------------

Current thread (0x00007f7ce8078000):  VMThread [stack: 0x00007f7cd8afb000,0x00007f7cd8bfc000] [id=8730]

Stack: [0x00007f7cd8afb000,0x00007f7cd8bfc000],  sp=0x00007f7cd8bfa0a0,  free space=1020k
Native frames: (J=compiled Java code, j=interpreted, Vv=VM code, C=native code)
V  [libjvm.so+0xac703a]  VMError::report_and_die()+0x2ba
V  [libjvm.so+0x4fc7eb]  report_vm_out_of_memory(char const*, int, unsigned long, VMErrorType, char const*)+0x8b
V  [libjvm.so+0x923c43]  os::Linux::commit_memory_impl(char*, unsigned long, bool)+0x103
V  [libjvm.so+0x924199]  os::pd_commit_memory(char*, unsigned long, unsigned long, bool)+0x29
V  [libjvm.so+0x91e4aa]  os::commit_memory(char*, unsigned long, unsigned long, bool)+0x2a
V  [libjvm.so+0x992f03]  PSVirtualSpace::expand_by(unsigned long)+0x53
V  [libjvm.so+0x994308]  PSYoungGen::resize_generation(unsigned long, unsigned long)+0xf8
V  [libjvm.so+0x993462]  PSYoungGen::resize(unsigned long, unsigned long)+0x22
V  [libjvm.so+0x99073b]  PSScavenge::invoke_no_policy()+0xf3b
V  [libjvm.so+0x990ec1]  PSScavenge::invoke()+0x41
V  [libjvm.so+0x947c10]  ParallelScavengeHeap::failed_mem_allocate(unsigned long)+0x70
V  [libjvm.so+0xac8a57]  VM_ParallelGCFailedAllocation::doit()+0x97
V  [libjvm.so+0xad0535]  VM_Operation::evaluate()+0x55
V  [libjvm.so+0xace90a]  VMThread::evaluate_operation(VM_Operation*)+0xba
V  [libjvm.so+0xacec8e]  VMThread::loop()+0x1ce
V  [libjvm.so+0xacf100]  VMThread::run()+0x70
V  [libjvm.so+0x926268]  java_start(Thread*)+0x108

VM_Operation (0x00007f7cd1cfa8d0): ParallelGCFailedAllocation, mode: safepoint, requested by thread 0x00007f7ce8142000


---------------  P R O C E S S  ---------------

Java Threads: ( => current thread )
  0x00007f7ce8147000 JavaThread "pool-2-thread-4" [_thread_blocked, id=8763, stack(0x00007f7cd19fa000,0x00007f7cd1afb000)]
  0x00007f7ce8145000 JavaThread "pool-2-thread-3" [_thread_blocked, id=8762, stack(0x00007f7cd1afb000,0x00007f7cd1bfc000)]
  0x00007f7ce8142000 JavaThread "pool-2-thread-2" [_thread_blocked, id=8761, stack(0x00007f7cd1bfc000,0x00007f7cd1cfd000)]
  0x00007f7ce8140000 JavaThread "pool-3-thread-1" [_thread_blocked, id=8760, stack(0x00007f7cd1cfd000,0x00007f7cd1dfe000)]
  0x00007f7ce813d800 JavaThread "pool-2-thread-1" [_thread_blocked, id=8758, stack(0x00007f7cd1dfe000,0x00007f7cd1eff000)]
  0x00007f7ce80c0800 JavaThread "Service Thread" daemon [_thread_blocked, id=8737, stack(0x00007f7cd801d000,0x00007f7cd811e000)]
  0x00007f7ce80bd800 JavaThread "C1 CompilerThread2" daemon [_thread_blocked, id=8736, stack(0x00007f7cd811e000,0x00007f7cd821f000)]
  0x00007f7ce80bb800 JavaThread "C2 CompilerThread1" daemon [_thread_blocked, id=8735, stack(0x00007f7cd821f000,0x00007f7cd8320000)]
  0x00007f7ce80b9000 JavaThread "C2 CompilerThread0" daemon [_thread_blocked, id=8734, stack(0x00007f7cd8320000,0x00007f7cd8421000)]
  0x00007f7ce80b7800 JavaThread "Signal Dispatcher" daemon [_thread_blocked, id=8733, stack(0x00007f7cd8421000,0x00007f7cd8522000)]
  0x00007f7ce8084000 JavaThread "Finalizer" daemon [_thread_blocked, id=8732, stack(0x00007f7cd88f9000,0x00007f7cd89fa000)]
  0x00007f7ce807f800 JavaThread "Reference Handler" daemon [_thread_blocked, id=8731, stack(0x00007f7cd89fa000,0x00007f7cd8afb000)]
  0x00007f7ce800a000 JavaThread "main" [_thread_blocked, id=8723, stack(0x00007f7cf124a000,0x00007f7cf134b000)]

Other Threads:
=>0x00007f7ce8078000 VMThread [stack: 0x00007f7cd8afb000,0x00007f7cd8bfc000] [id=8730]
  0x00007f7ce80c3800 WatcherThread [stack: 0x00007f7cd1eff000,0x00007f7cd2000000] [id=8738]

VM state:at safepoint (normal execution)

VM Mutex/Monitor currently owned by a thread:  ([mutex/lock_event])
[0x00007f7ce8006570] Threads_lock - owner thread: 0x00007f7ce8078000
[0x00007f7ce8006a70] Heap_lock - owner thread: 0x00007f7ce8142000

Heap:
 PSYoungGen      total 128000K, used 5112K [0x00000000eab00000, 0x00000000f2d00000, 0x0000000100000000)
  eden space 122880K, 0% used [0x00000000eab00000,0x00000000eab00000,0x00000000f2300000)
  from space 5120K, 99% used [0x00000000f2300000,0x00000000f27fe1e0,0x00000000f2800000)
  to   space 5120K, 0% used [0x00000000f2800000,0x00000000f2800000,0x00000000f2d00000)
 ParOldGen       total 81920K, used 38562K [0x00000000c0000000, 0x00000000c5000000, 0x00000000eab00000)
  object space 81920K, 47% used [0x00000000c0000000,0x00000000c25a89a8,0x00000000c5000000)
 Metaspace       used 6409K, capacity 7192K, committed 7424K, reserved 1056768K
  class space    used 627K, capacity 656K, committed 768K, reserved 1048576K

Card table byte_map: [0x00007f7ceddf5000,0x00007f7cedff6000] byte_map_base: 0x00007f7ced7f5000

Marking Bits: (ParMarkBitMap*) 0x00007f7cf0720c80
 Begin Bits: [0x00007f7cd2000000, 0x00007f7cd3000000)
 End Bits:   [0x00007f7cd3000000, 0x00007f7cd4000000)

Polling page: 0x00007f7cf1370000

CodeCache: size=245760Kb used=6362Kb max_used=6362Kb free=239397Kb
 bounds [0x00007f7cd9000000, 0x00007f7cd9640000, 0x00007f7ce8000000]
 total_blobs=2004 nmethods=1735 adapters=182
 compilation: enabled

Compilation events (10 events):
Event: 7.241 Thread 0x00007f7ce80bd800 2007       1       com.android.dx.dex.file.ClassDefItem::getThisClass (5 bytes)
Event: 7.241 Thread 0x00007f7ce80bd800 nmethod 2007 0x00007f7cd95fc6d0 code [0x00007f7cd95fc820, 0x00007f7cd95fc930]
Event: 7.241 Thread 0x00007f7ce80bd800 2011       2       java.util.concurrent.ThreadPoolExecutor$Worker::lock (6 bytes)
Event: 7.241 Thread 0x00007f7ce80bd800 nmethod 2011 0x00007f7cd9639490 code [0x00007f7cd9639620, 0x00007f7cd9639868]
Event: 7.241 Thread 0x00007f7ce80bd800 2012       2       java.util.concurrent.ThreadPoolExecutor$Worker::tryAcquire (20 bytes)
Event: 7.242 Thread 0x00007f7ce80bd800 nmethod 2012 0x00007f7cd9639990 code [0x00007f7cd9639ae0, 0x00007f7cd9639c90]
Event: 7.242 Thread 0x00007f7ce80bd800 2005       2       java.util.Vector::grow (57 bytes)
Event: 7.242 Thread 0x00007f7ce80bd800 nmethod 2005 0x00007f7cd9639d10 code [0x00007f7cd9639ea0, 0x00007f7cd963a138]
Event: 7.247 Thread 0x00007f7ce80bd800 2013       2       com.android.dx.dex.file.DexFile::internIfAppropriate (128 bytes)
Event: 7.248 Thread 0x00007f7ce80bd800 nmethod 2013 0x00007f7cd963a2d0 code [0x00007f7cd963a4e0, 0x00007f7cd963ac58]

GC Heap History (9 events):
Event: 2.191 GC heap before
{Heap before GC invocations=1 (full 0):
 PSYoungGen      total 35840K, used 30720K [0x00000000eab00000, 0x00000000ed300000, 0x0000000100000000)
  eden space 30720K, 100% used [0x00000000eab00000,0x00000000ec900000,0x00000000ec900000)
  from space 5120K, 0% used [0x00000000ece00000,0x00000000ece00000,0x00000000ed300000)
  to   space 5120K, 0% used [0x00000000ec900000,0x00000000ec900000,0x00000000ece00000)
 ParOldGen       total 81920K, used 0K [0x00000000c0000000, 0x00000000c5000000, 0x00000000eab00000)
  object space 81920K, 0% used [0x00000000c0000000,0x00000000c0000000,0x00000000c5000000)
 Metaspace       used 5920K, capacity 6774K, committed 7040K, reserved 1056768K
  class space    used 606K, capacity 622K, committed 640K, reserved 1048576K
Event: 2.222 GC heap after
Heap after GC invocations=1 (full 0):
 PSYoungGen      total 35840K, used 5118K [0x00000000eab00000, 0x00000000ef100000, 0x0000000100000000)
  eden space 30720K, 0% used [0x00000000eab00000,0x00000000eab00000,0x00000000ec900000)
  from space 5120K, 99% used [0x00000000ec900000,0x00000000ecdffa10,0x00000000ece00000)
  to   space 5120K, 0% used [0x00000000eec00000,0x00000000eec00000,0x00000000ef100000)
 ParOldGen       total 81920K, used 766K [0x00000000c0000000, 0x00000000c5000000, 0x00000000eab00000)
  object space 81920K, 0% used [0x00000000c0000000,0x00000000c00bfac8,0x00000000c5000000)
 Metaspace       used 5920K, capacity 6774K, committed 7040K, reserved 1056768K
  class space    used 606K, capacity 622K, committed 640K, reserved 1048576K
}
Event: 2.991 GC heap before
{Heap before GC invocations=2 (full 0):
 PSYoungGen      total 35840K, used 35838K [0x00000000eab00000, 0x00000000ef100000, 0x0000000100000000)
  eden space 30720K, 100% used [0x00000000eab00000,0x00000000ec900000,0x00000000ec900000)
  from space 5120K, 99% used [0x00000000ec900000,0x00000000ecdffa10,0x00000000ece00000)
  to   space 5120K, 0% used [0x00000000eec00000,0x00000000eec00000,0x00000000ef100000)
 ParOldGen       total 81920K, used 766K [0x00000000c0000000, 0x00000000c5000000, 0x00000000eab00000)
  object space 81920K, 0% used [0x00000000c0000000,0x00000000c00bfac8,0x00000000c5000000)
 Metaspace       used 6003K, capacity 6902K, committed 7040K, reserved 1056768K
  class space    used 607K, capacity 622K, committed 640K, reserved 1048576K
Event: 3.047 GC heap after
Heap after GC invocations=2 (full 0):
 PSYoungGen      total 66560K, used 5118K [0x00000000eab00000, 0x00000000ef100000, 0x0000000100000000)
  eden space 61440K, 0% used [0x00000000eab00000,0x00000000eab00000,0x00000000ee700000)
  from space 5120K, 99% used [0x00000000eec00000,0x00000000ef0ffaf8,0x00000000ef100000)
  to   space 5120K, 0% used [0x00000000ee700000,0x00000000ee700000,0x00000000eec00000)
 ParOldGen       total 81920K, used 4225K [0x00000000c0000000, 0x00000000c5000000, 0x00000000eab00000)
  object space 81920K, 5% used [0x00000000c0000000,0x00000000c04206c8,0x00000000c5000000)
 Metaspace       used 6003K, capacity 6902K, committed 7040K, reserved 1056768K
  class space    used 607K, capacity 622K, committed 640K, reserved 1048576K
}
Event: 3.999 GC heap before
{Heap before GC invocations=3 (full 0):
 PSYoungGen      total 66560K, used 66558K [0x00000000eab00000, 0x00000000ef100000, 0x0000000100000000)
  eden space 61440K, 100% used [0x00000000eab00000,0x00000000ee700000,0x00000000ee700000)
  from space 5120K, 99% used [0x00000000eec00000,0x00000000ef0ffaf8,0x00000000ef100000)
  to   space 5120K, 0% used [0x00000000ee700000,0x00000000ee700000,0x00000000eec00000)
 ParOldGen       total 81920K, used 4225K [0x00000000c0000000, 0x00000000c5000000, 0x00000000eab00000)
  object space 81920K, 5% used [0x00000000c0000000,0x00000000c04206c8,0x00000000c5000000)
 Metaspace       used 6049K, capacity 6902K, committed 7040K, reserved 1056768K
  class space    used 607K, capacity 622K, committed 640K, reserved 1048576K
Event: 4.219 GC heap after
Heap after GC invocations=3 (full 0):
 PSYoungGen      total 66560K, used 5106K [0x00000000eab00000, 0x00000000f2d00000, 0x0000000100000000)
  eden space 61440K, 0% used [0x00000000eab00000,0x00000000eab00000,0x00000000ee700000)
  from space 5120K, 99% used [0x00000000ee700000,0x00000000eebfc828,0x00000000eec00000)
  to   space 5120K, 0% used [0x00000000f2800000,0x00000000f2800000,0x00000000f2d00000)
 ParOldGen       total 81920K, used 13572K [0x00000000c0000000, 0x00000000c5000000, 0x00000000eab00000)
  object space 81920K, 16% used [0x00000000c0000000,0x00000000c0d412f8,0x00000000c5000000)
 Metaspace       used 6049K, capacity 6902K, committed 7040K, reserved 1056768K
  class space    used 607K, capacity 622K, committed 640K, reserved 1048576K
}
Event: 5.495 GC heap before
{Heap before GC invocations=4 (full 0):
 PSYoungGen      total 66560K, used 66546K [0x00000000eab00000, 0x00000000f2d00000, 0x0000000100000000)
  eden space 61440K, 100% used [0x00000000eab00000,0x00000000ee700000,0x00000000ee700000)
  from space 5120K, 99% used [0x00000000ee700000,0x00000000eebfc828,0x00000000eec00000)
  to   space 5120K, 0% used [0x00000000f2800000,0x00000000f2800000,0x00000000f2d00000)
 ParOldGen       total 81920K, used 13572K [0x00000000c0000000, 0x00000000c5000000, 0x00000000eab00000)
  object space 81920K, 16% used [0x00000000c0000000,0x00000000c0d412f8,0x00000000c5000000)
 Metaspace       used 6288K, capacity 7064K, committed 7424K, reserved 1056768K
  class space    used 627K, capacity 656K, committed 768K, reserved 1048576K
Event: 5.567 GC heap after
Heap after GC invocations=4 (full 0):
 PSYoungGen      total 128000K, used 5119K [0x00000000eab00000, 0x00000000f2d00000, 0x0000000100000000)
  eden space 122880K, 0% used [0x00000000eab00000,0x00000000eab00000,0x00000000f2300000)
  from space 5120K, 99% used [0x00000000f2800000,0x00000000f2cffd68,0x00000000f2d00000)
  to   space 5120K, 0% used [0x00000000f2300000,0x00000000f2300000,0x00000000f2800000)
 ParOldGen       total 81920K, used 21455K [0x00000000c0000000, 0x00000000c5000000, 0x00000000eab00000)
  object space 81920K, 26% used [0x00000000c0000000,0x00000000c14f3f20,0x00000000c5000000)
 Metaspace       used 6288K, capacity 7064K, committed 7424K, reserved 1056768K
  class space    used 627K, capacity 656K, committed 768K, reserved 1048576K
}
Event: 7.266 GC heap before
{Heap before GC invocations=5 (full 0):
 PSYoungGen      total 128000K, used 127999K [0x00000000eab00000, 0x00000000f2d00000, 0x0000000100000000)
  eden space 122880K, 100% used [0x00000000eab00000,0x00000000f2300000,0x00000000f2300000)
  from space 5120K, 99% used [0x00000000f2800000,0x00000000f2cffd68,0x00000000f2d00000)
  to   space 5120K, 0% used [0x00000000f2300000,0x00000000f2300000,0x00000000f2800000)
 ParOldGen       total 81920K, used 21455K [0x00000000c0000000, 0x00000000c5000000, 0x00000000eab00000)
  object space 81920K, 26% used [0x00000000c0000000,0x00000000c14f3f20,0x00000000c5000000)
 Metaspace       used 6409K, capacity 7192K, committed 7424K, reserved 1056768K
  class space    used 627K, capacity 656K, committed 768K, reserved 1048576K

Deoptimization events (10 events):
Event: 4.780 Thread 0x00007f7ce800a000 Uncommon trap: reason=unstable_if action=reinterpret pc=0x00007f7cd9232878 method=java.util.HashMap.getNode(ILjava/lang/Object;)Ljava/util/HashMap$Node; @ 84
Event: 4.781 Thread 0x00007f7ce800a000 Uncommon trap: reason=unstable_if action=reinterpret pc=0x00007f7cd93b521c method=java.util.HashMap.putVal(ILjava/lang/Object;Ljava/lang/Object;ZZ)Ljava/lang/Object; @ 109
Event: 5.872 Thread 0x00007f7ce813d800 Uncommon trap: reason=bimorphic action=maybe_recompile pc=0x00007f7cd953a33c method=com.android.dx.ssa.LiteralOpUpgrader.tryReplacingWithConstant(Lcom/android/dx/ssa/NormalSsaInsn;)Z @ 62
Event: 5.872 Thread 0x00007f7ce813d800 Uncommon trap: reason=unstable_if action=reinterpret pc=0x00007f7cd953a658 method=com.android.dx.ssa.LiteralOpUpgrader$1.visitNonMoveInsn(Lcom/android/dx/ssa/NormalSsaInsn;)V @ 176
Event: 5.943 Thread 0x00007f7ce8142000 Uncommon trap: reason=unstable_if action=reinterpret pc=0x00007f7cd94b2f80 method=com.android.dx.ssa.MoveParamCombiner$1.visitNonMoveInsn(Lcom/android/dx/ssa/NormalSsaInsn;)V @ 27
Event: 6.433 Thread 0x00007f7ce8145000 Uncommon trap: reason=bimorphic action=maybe_recompile pc=0x00007f7cd959ebb8 method=com.android.dx.cf.code.BytecodeArray.parseInstruction(ILcom/android/dx/cf/code/BytecodeArray$Visitor;)I @ 971
Event: 6.434 Thread 0x00007f7ce8145000 Uncommon trap: reason=bimorphic action=maybe_recompile pc=0x00007f7cd959ebb8 method=com.android.dx.cf.code.BytecodeArray.parseInstruction(ILcom/android/dx/cf/code/BytecodeArray$Visitor;)I @ 971
Event: 6.434 Thread 0x00007f7ce8145000 Uncommon trap: reason=bimorphic action=maybe_recompile pc=0x00007f7cd959ebb8 method=com.android.dx.cf.code.BytecodeArray.parseInstruction(ILcom/android/dx/cf/code/BytecodeArray$Visitor;)I @ 971
Event: 6.434 Thread 0x00007f7ce8145000 Uncommon trap: reason=bimorphic action=maybe_recompile pc=0x00007f7cd959ebb8 method=com.android.dx.cf.code.BytecodeArray.parseInstruction(ILcom/android/dx/cf/code/BytecodeArray$Visitor;)I @ 971
Event: 6.709 Thread 0x00007f7ce813d800 Uncommon trap: reason=unstable_if action=reinterpret pc=0x00007f7cd9387788 method=com.android.dx.dex.code.OutputFinisher.hasLocalInfo(Lcom/android/dx/dex/code/DalvInsn;)Z @ 24

Internal exceptions (7 events):
Event: 0.127 Thread 0x00007f7ce800a000 Exception <a 'java/lang/NoSuchMethodError': Method sun.misc.Unsafe.defineClass(Ljava/lang/String;[BII)Ljava/lang/Class; name or signature does not match> (0x00000000eab07ca8) thrown at [/HUDSON3/workspace/8-2-build-linux-amd64/jdk8u121/8372/hotspot/src/sh
Event: 0.127 Thread 0x00007f7ce800a000 Exception <a 'java/lang/NoSuchMethodError': Method sun.misc.Unsafe.prefetchRead(Ljava/lang/Object;J)V name or signature does not match> (0x00000000eab07f90) thrown at [/HUDSON3/workspace/8-2-build-linux-amd64/jdk8u121/8372/hotspot/src/share/vm/prims/jni.c
Event: 2.364 Thread 0x00007f7ce8142000 Implicit null exception at 0x00007f7cd92ced7d to 0x00007f7cd92d1cad
Event: 2.381 Thread 0x00007f7ce800a000 Implicit null exception at 0x00007f7cd92ced7d to 0x00007f7cd92d1cad
Event: 4.748 Thread 0x00007f7ce800a000 Exception <a 'java/lang/ArrayIndexOutOfBoundsException': 18> (0x00000000ed34cbb8) thrown at [/HUDSON3/workspace/8-2-build-linux-amd64/jdk8u121/8372/hotspot/src/share/vm/interpreter/interpreterRuntime.cpp, line 366]
Event: 4.751 Thread 0x00007f7ce800a000 Exception <a 'java/lang/ArrayIndexOutOfBoundsException': 145> (0x00000000ed34e738) thrown at [/HUDSON3/workspace/8-2-build-linux-amd64/jdk8u121/8372/hotspot/src/share/vm/interpreter/interpreterRuntime.cpp, line 366]
Event: 4.756 Thread 0x00007f7ce800a000 Exception <a 'java/lang/ArrayIndexOutOfBoundsException': 40> (0x00000000ed34fa20) thrown at [/HUDSON3/workspace/8-2-build-linux-amd64/jdk8u121/8372/hotspot/src/share/vm/interpreter/interpreterRuntime.cpp, line 366]

Events (10 events):
Event: 6.709 Thread 0x00007f7ce813d800 DEOPT UNPACKING pc=0x00007f7cd9005229 sp=0x00007f7cd1efceb8 mode 2
Event: 6.801 Thread 0x00007f7ce8142000 DEOPT PACKING pc=0x00007f7cd939e6ac sp=0x00007f7cd1cfaf80
Event: 6.801 Thread 0x00007f7ce8142000 DEOPT UNPACKING pc=0x00007f7cd9047633 sp=0x00007f7cd1cfac80 mode 0
Event: 7.090 Thread 0x00007f7ce8142000 DEOPT PACKING pc=0x00007f7cd939e6ac sp=0x00007f7cd1cfae30
Event: 7.091 Thread 0x00007f7ce8142000 DEOPT UNPACKING pc=0x00007f7cd9047633 sp=0x00007f7cd1cfab30 mode 0
Event: 7.204 Thread 0x00007f7ce8145000 DEOPT PACKING pc=0x00007f7cd94867c5 sp=0x00007f7cd1bf9e40
Event: 7.204 Thread 0x00007f7ce8145000 DEOPT UNPACKING pc=0x00007f7cd9047633 sp=0x00007f7cd1bf9c10 mode 0
Event: 7.209 Thread 0x00007f7ce8147000 DEOPT PACKING pc=0x00007f7cd9494449 sp=0x00007f7cd1af8fd0
Event: 7.209 Thread 0x00007f7ce8147000 DEOPT UNPACKING pc=0x00007f7cd9047633 sp=0x00007f7cd1af8db0 mode 0
Event: 7.256 Executing VM operation: ParallelGCFailedAllocation


Dynamic libraries:
00400000-00401000 r-xp 00000000 08:01 1196055                            /usr/lib/jvm/java-8-oracle/bin/java
00600000-00601000 rw-p 00000000 08:01 1196055                            /usr/lib/jvm/java-8-oracle/bin/java
01bd3000-01bf4000 rw-p 00000000 00:00 0                                  [heap]
c0000000-c5000000 rw-p 00000000 00:00 0 
c5000000-eab00000 ---p 00000000 00:00 0 
eab00000-f2d00000 rw-p 00000000 00:00 0 
fca00000-100000000 ---p 00000000 00:00 0 
100000000-1000c0000 rw-p 00000000 00:00 0 
1000c0000-140000000 ---p 00000000 00:00 0 
7f7c84000000-7f7c84021000 rw-p 00000000 00:00 0 
7f7c84021000-7f7c88000000 ---p 00000000 00:00 0 
7f7c8c000000-7f7c8c024000 rw-p 00000000 00:00 0 
7f7c8c024000-7f7c90000000 ---p 00000000 00:00 0 
7f7c90000000-7f7c9002a000 rw-p 00000000 00:00 0 
7f7c9002a000-7f7c94000000 ---p 00000000 00:00 0 
7f7c94000000-7f7c94023000 rw-p 00000000 00:00 0 
7f7c94023000-7f7c98000000 ---p 00000000 00:00 0 
7f7c98000000-7f7c98021000 rw-p 00000000 00:00 0 
7f7c98021000-7f7c9c000000 ---p 00000000 00:00 0 
7f7c9c000000-7f7c9c021000 rw-p 00000000 00:00 0 
7f7c9c021000-7f7ca0000000 ---p 00000000 00:00 0 
7f7ca0000000-7f7ca0021000 rw-p 00000000 00:00 0 
7f7ca0021000-7f7ca4000000 ---p 00000000 00:00 0 
7f7ca4000000-7f7ca469c000 rw-p 00000000 00:00 0 
7f7ca469c000-7f7ca8000000 ---p 00000000 00:00 0 
7f7ca8000000-7f7ca8aa2000 rw-p 00000000 00:00 0 
7f7ca8aa2000-7f7cac000000 ---p 00000000 00:00 0 
7f7cac000000-7f7cac021000 rw-p 00000000 00:00 0 
7f7cac021000-7f7cb0000000 ---p 00000000 00:00 0 
7f7cb0000000-7f7cb09e5000 rw-p 00000000 00:00 0 
7f7cb09e5000-7f7cb4000000 ---p 00000000 00:00 0 
7f7cb4000000-7f7cb4021000 rw-p 00000000 00:00 0 
7f7cb4021000-7f7cb8000000 ---p 00000000 00:00 0 
7f7cb8000000-7f7cb8021000 rw-p 00000000 00:00 0 
7f7cb8021000-7f7cbc000000 ---p 00000000 00:00 0 
7f7cbc000000-7f7cbc021000 rw-p 00000000 00:00 0 
7f7cbc021000-7f7cc0000000 ---p 00000000 00:00 0 
7f7cc0000000-7f7cc028f000 rw-p 00000000 00:00 0 
7f7cc028f000-7f7cc4000000 ---p 00000000 00:00 0 
7f7cc4000000-7f7cc4021000 rw-p 00000000 00:00 0 
7f7cc4021000-7f7cc8000000 ---p 00000000 00:00 0 
7f7ccc000000-7f7ccc021000 rw-p 00000000 00:00 0 
7f7ccc021000-7f7cd0000000 ---p 00000000 00:00 0 
7f7cd19fa000-7f7cd19fd000 ---p 00000000 00:00 0 
7f7cd19fd000-7f7cd1afb000 rw-p 00000000 00:00 0 
7f7cd1afb000-7f7cd1afe000 ---p 00000000 00:00 0 
7f7cd1afe000-7f7cd1bfc000 rw-p 00000000 00:00 0 
7f7cd1bfc000-7f7cd1bff000 ---p 00000000 00:00 0 
7f7cd1bff000-7f7cd1cfd000 rw-p 00000000 00:00 0 
7f7cd1cfd000-7f7cd1d00000 ---p 00000000 00:00 0 
7f7cd1d00000-7f7cd1dfe000 rw-p 00000000 00:00 0 
7f7cd1dfe000-7f7cd1e01000 ---p 00000000 00:00 0 
7f7cd1e01000-7f7cd1eff000 rw-p 00000000 00:00 0 
7f7cd1eff000-7f7cd1f00000 ---p 00000000 00:00 0 
7f7cd1f00000-7f7cd4000000 rw-p 00000000 00:00 0 
7f7cd4000000-7f7cd4021000 rw-p 00000000 00:00 0 
7f7cd4021000-7f7cd8000000 ---p 00000000 00:00 0 
7f7cd801d000-7f7cd8020000 ---p 00000000 00:00 0 
7f7cd8020000-7f7cd811e000 rw-p 00000000 00:00 0 
7f7cd811e000-7f7cd8121000 ---p 00000000 00:00 0 
7f7cd8121000-7f7cd821f000 rw-p 00000000 00:00 0 
7f7cd821f000-7f7cd8222000 ---p 00000000 00:00 0 
7f7cd8222000-7f7cd8320000 rw-p 00000000 00:00 0 
7f7cd8320000-7f7cd8323000 ---p 00000000 00:00 0 
7f7cd8323000-7f7cd8421000 rw-p 00000000 00:00 0 
7f7cd8421000-7f7cd8424000 ---p 00000000 00:00 0 
7f7cd8424000-7f7cd8522000 rw-p 00000000 00:00 0 
7f7cd8522000-7f7cd88f9000 r--p 00000000 08:01 2486545                    /usr/lib/locale/locale-archive
7f7cd88f9000-7f7cd88fc000 ---p 00000000 00:00 0 
7f7cd88fc000-7f7cd89fa000 rw-p 00000000 00:00 0 
7f7cd89fa000-7f7cd89fd000 ---p 00000000 00:00 0 
7f7cd89fd000-7f7cd8afb000 rw-p 00000000 00:00 0 
7f7cd8afb000-7f7cd8afc000 ---p 00000000 00:00 0 
7f7cd8afc000-7f7cd9000000 rw-p 00000000 00:00 0 
7f7cd9000000-7f7cd9640000 rwxp 00000000 00:00 0 
7f7cd9640000-7f7ce8000000 ---p 00000000 00:00 0 
7f7ce8000000-7f7ce8396000 rw-p 00000000 00:00 0 
7f7ce8396000-7f7cec000000 ---p 00000000 00:00 0 
7f7cec084000-7f7cec08d000 r--s 00089000 08:02 5899984                    /home/genji/android/projects/AM025_Threading/app/build/intermediates/exploded-aar/com.android.support/appcompat-v7/23.1.1/jars/classes.jar
7f7cec08d000-7f7cec09c000 r--s 000df000 08:02 20056271                   /home/genji/android/android-sdk-linux/build-tools/23.0.2/lib/dx.jar
7f7cec09c000-7f7cecc4c000 rw-p 00000000 00:00 0 
7f7cecc4c000-7f7cece25000 r--s 03d3e000 08:01 1196129                    /usr/lib/jvm/java-8-oracle/jre/lib/rt.jar
7f7cece25000-7f7ced51b000 rw-p 00000000 00:00 0 
7f7ced51b000-7f7ced69b000 ---p 00000000 00:00 0 
7f7ced69b000-7f7ced89b000 rw-p 00000000 00:00 0 
7f7ced89b000-7f7ced89c000 ---p 00000000 00:00 0 
7f7ced89c000-7f7ced99c000 rw-p 00000000 00:00 0 
7f7ced99c000-7f7ced99d000 ---p 00000000 00:00 0 
7f7ced99d000-7f7ceda9d000 rw-p 00000000 00:00 0 
7f7ceda9d000-7f7ceda9e000 ---p 00000000 00:00 0 
7f7ceda9e000-7f7cedb9e000 rw-p 00000000 00:00 0 
7f7cedb9e000-7f7cedb9f000 ---p 00000000 00:00 0 
7f7cedb9f000-7f7cedcc7000 rw-p 00000000 00:00 0 
7f7cedcc7000-7f7ceddf5000 ---p 00000000 00:00 0 
7f7ceddf5000-7f7cede1d000 rw-p 00000000 00:00 0 
7f7cede1d000-7f7cedf4a000 ---p 00000000 00:00 0 
7f7cedf4a000-7f7cedf8c000 rw-p 00000000 00:00 0 
7f7cedf8c000-7f7cedff5000 ---p 00000000 00:00 0 
7f7cedff5000-7f7cee00f000 rw-p 00000000 00:00 0 
7f7cee00f000-7f7cee3b6000 ---p 00000000 00:00 0 
7f7cee3b6000-7f7cee3d0000 r-xp 00000000 08:01 1196160                    /usr/lib/jvm/java-8-oracle/jre/lib/amd64/libzip.so
7f7cee3d0000-7f7cee5d0000 ---p 0001a000 08:01 1196160                    /usr/lib/jvm/java-8-oracle/jre/lib/amd64/libzip.so
7f7cee5d0000-7f7cee5d1000 rw-p 0001a000 08:01 1196160                    /usr/lib/jvm/java-8-oracle/jre/lib/amd64/libzip.so
7f7cee5d1000-7f7cee5dc000 r-xp 00000000 08:01 269333                     /lib/x86_64-linux-gnu/libnss_files-2.23.so
7f7cee5dc000-7f7cee7db000 ---p 0000b000 08:01 269333                     /lib/x86_64-linux-gnu/libnss_files-2.23.so
7f7cee7db000-7f7cee7dc000 r--p 0000a000 08:01 269333                     /lib/x86_64-linux-gnu/libnss_files-2.23.so
7f7cee7dc000-7f7cee7dd000 rw-p 0000b000 08:01 269333                     /lib/x86_64-linux-gnu/libnss_files-2.23.so
7f7cee7dd000-7f7cee7e3000 rw-p 00000000 00:00 0 
7f7cee7e3000-7f7cee7ee000 r-xp 00000000 08:01 269318                     /lib/x86_64-linux-gnu/libnss_nis-2.23.so
7f7cee7ee000-7f7cee9ed000 ---p 0000b000 08:01 269318                     /lib/x86_64-linux-gnu/libnss_nis-2.23.so
7f7cee9ed000-7f7cee9ee000 r--p 0000a000 08:01 269318                     /lib/x86_64-linux-gnu/libnss_nis-2.23.so
7f7cee9ee000-7f7cee9ef000 rw-p 0000b000 08:01 269318                     /lib/x86_64-linux-gnu/libnss_nis-2.23.so
7f7cee9ef000-7f7ceea05000 r-xp 00000000 08:01 269329                     /lib/x86_64-linux-gnu/libnsl-2.23.so
7f7ceea05000-7f7ceec04000 ---p 00016000 08:01 269329                     /lib/x86_64-linux-gnu/libnsl-2.23.so
7f7ceec04000-7f7ceec05000 r--p 00015000 08:01 269329                     /lib/x86_64-linux-gnu/libnsl-2.23.so
7f7ceec05000-7f7ceec06000 rw-p 00016000 08:01 269329                     /lib/x86_64-linux-gnu/libnsl-2.23.so
7f7ceec06000-7f7ceec08000 rw-p 00000000 00:00 0 
7f7ceec08000-7f7ceec10000 r-xp 00000000 08:01 269330                     /lib/x86_64-linux-gnu/libnss_compat-2.23.so
7f7ceec10000-7f7ceee0f000 ---p 00008000 08:01 269330                     /lib/x86_64-linux-gnu/libnss_compat-2.23.so
7f7ceee0f000-7f7ceee10000 r--p 00007000 08:01 269330                     /lib/x86_64-linux-gnu/libnss_compat-2.23.so
7f7ceee10000-7f7ceee11000 rw-p 00008000 08:01 269330                     /lib/x86_64-linux-gnu/libnss_compat-2.23.so
7f7ceee11000-7f7ceee3c000 r-xp 00000000 08:01 1196187                    /usr/lib/jvm/java-8-oracle/jre/lib/amd64/libjava.so
7f7ceee3c000-7f7cef03b000 ---p 0002b000 08:01 1196187                    /usr/lib/jvm/java-8-oracle/jre/lib/amd64/libjava.so
7f7cef03b000-7f7cef03d000 rw-p 0002a000 08:01 1196187                    /usr/lib/jvm/java-8-oracle/jre/lib/amd64/libjava.so
7f7cef03d000-7f7cef04a000 r-xp 00000000 08:01 1196138                    /usr/lib/jvm/java-8-oracle/jre/lib/amd64/libverify.so
7f7cef04a000-7f7cef249000 ---p 0000d000 08:01 1196138                    /usr/lib/jvm/java-8-oracle/jre/lib/amd64/libverify.so
7f7cef249000-7f7cef24b000 rw-p 0000c000 08:01 1196138                    /usr/lib/jvm/java-8-oracle/jre/lib/amd64/libverify.so
7f7cef24b000-7f7cef252000 r-xp 00000000 08:01 269317                     /lib/x86_64-linux-gnu/librt-2.23.so
7f7cef252000-7f7cef451000 ---p 00007000 08:01 269317                     /lib/x86_64-linux-gnu/librt-2.23.so
7f7cef451000-7f7cef452000 r--p 00006000 08:01 269317                     /lib/x86_64-linux-gnu/librt-2.23.so
7f7cef452000-7f7cef453000 rw-p 00007000 08:01 269317                     /lib/x86_64-linux-gnu/librt-2.23.so
7f7cef453000-7f7cef55b000 r-xp 00000000 08:01 269327                     /lib/x86_64-linux-gnu/libm-2.23.so
7f7cef55b000-7f7cef75a000 ---p 00108000 08:01 269327                     /lib/x86_64-linux-gnu/libm-2.23.so
7f7cef75a000-7f7cef75b000 r--p 00107000 08:01 269327                     /lib/x86_64-linux-gnu/libm-2.23.so
7f7cef75b000-7f7cef75c000 rw-p 00108000 08:01 269327                     /lib/x86_64-linux-gnu/libm-2.23.so
7f7cef75c000-7f7cf042a000 r-xp 00000000 08:01 1196191                    /usr/lib/jvm/java-8-oracle/jre/lib/amd64/server/libjvm.so
7f7cf042a000-7f7cf062a000 ---p 00cce000 08:01 1196191                    /usr/lib/jvm/java-8-oracle/jre/lib/amd64/server/libjvm.so
7f7cf062a000-7f7cf0703000 rw-p 00cce000 08:01 1196191                    /usr/lib/jvm/java-8-oracle/jre/lib/amd64/server/libjvm.so
7f7cf0703000-7f7cf074e000 rw-p 00000000 00:00 0 
7f7cf074e000-7f7cf090d000 r-xp 00000000 08:01 269322                     /lib/x86_64-linux-gnu/libc-2.23.so
7f7cf090d000-7f7cf0b0d000 ---p 001bf000 08:01 269322                     /lib/x86_64-linux-gnu/libc-2.23.so
7f7cf0b0d000-7f7cf0b11000 r--p 001bf000 08:01 269322                     /lib/x86_64-linux-gnu/libc-2.23.so
7f7cf0b11000-7f7cf0b13000 rw-p 001c3000 08:01 269322                     /lib/x86_64-linux-gnu/libc-2.23.so
7f7cf0b13000-7f7cf0b17000 rw-p 00000000 00:00 0 
7f7cf0b17000-7f7cf0b1a000 r-xp 00000000 08:01 269321                     /lib/x86_64-linux-gnu/libdl-2.23.so
7f7cf0b1a000-7f7cf0d19000 ---p 00003000 08:01 269321                     /lib/x86_64-linux-gnu/libdl-2.23.so
7f7cf0d19000-7f7cf0d1a000 r--p 00002000 08:01 269321                     /lib/x86_64-linux-gnu/libdl-2.23.so
7f7cf0d1a000-7f7cf0d1b000 rw-p 00003000 08:01 269321                     /lib/x86_64-linux-gnu/libdl-2.23.so
7f7cf0d1b000-7f7cf0d30000 r-xp 00000000 08:01 1195285                    /usr/lib/jvm/java-8-oracle/lib/amd64/jli/libjli.so
7f7cf0d30000-7f7cf0f30000 ---p 00015000 08:01 1195285                    /usr/lib/jvm/java-8-oracle/lib/amd64/jli/libjli.so
7f7cf0f30000-7f7cf0f31000 rw-p 00015000 08:01 1195285                    /usr/lib/jvm/java-8-oracle/lib/amd64/jli/libjli.so
7f7cf0f31000-7f7cf0f49000 r-xp 00000000 08:01 269328                     /lib/x86_64-linux-gnu/libpthread-2.23.so
7f7cf0f49000-7f7cf1148000 ---p 00018000 08:01 269328                     /lib/x86_64-linux-gnu/libpthread-2.23.so
7f7cf1148000-7f7cf1149000 r--p 00017000 08:01 269328                     /lib/x86_64-linux-gnu/libpthread-2.23.so
7f7cf1149000-7f7cf114a000 rw-p 00018000 08:01 269328                     /lib/x86_64-linux-gnu/libpthread-2.23.so
7f7cf114a000-7f7cf114e000 rw-p 00000000 00:00 0 
7f7cf114e000-7f7cf1174000 r-xp 00000000 08:01 262049                     /lib/x86_64-linux-gnu/ld-2.23.so
7f7cf1178000-7f7cf124a000 rw-p 00000000 00:00 0 
7f7cf124a000-7f7cf124d000 ---p 00000000 00:00 0 
7f7cf124d000-7f7cf134f000 rw-p 00000000 00:00 0 
7f7cf1353000-7f7cf1367000 rw-p 00000000 00:00 0 
7f7cf1367000-7f7cf136f000 rw-s 00000000 08:01 1969907                    /tmp/hsperfdata_genji/8721
7f7cf136f000-7f7cf1370000 rw-p 00000000 00:00 0 
7f7cf1370000-7f7cf1371000 ---p 00000000 00:00 0 
7f7cf1371000-7f7cf1373000 rw-p 00000000 00:00 0 
7f7cf1373000-7f7cf1374000 r--p 00025000 08:01 262049                     /lib/x86_64-linux-gnu/ld-2.23.so
7f7cf1374000-7f7cf1375000 rw-p 00026000 08:01 262049                     /lib/x86_64-linux-gnu/ld-2.23.so
7f7cf1375000-7f7cf1376000 rw-p 00000000 00:00 0 
7fff7bbb0000-7fff7bbd1000 rw-p 00000000 00:00 0                          [stack]
7fff7bbf4000-7fff7bbf6000 r--p 00000000 00:00 0                          [vvar]
7fff7bbf6000-7fff7bbf8000 r-xp 00000000 00:00 0                          [vdso]
ffffffffff600000-ffffffffff601000 r-xp 00000000 00:00 0                  [vsyscall]

VM Arguments:
jvm_args: -Djava.awt.headless=true -Xmx1024M -Dfile.encoding=UTF-8 -Duser.country=US -Duser.language=en -Duser.variant 
java_command: com.android.dx.command.Main --dex --force-jumbo --num-threads=4 --multi-dex --output /home/genji/android/projects/AM025_Threading/app/build/intermediates/transforms/dex/debug/folders/1000/10/com.android.support-appcompat-v7-23.1.1_83a77318f4b8e0619160877f1c2b47b29bdfd669 /home/genji/android/projects/AM025_Threading/app/build/intermediates/exploded-aar/com.android.support/appcompat-v7/23.1.1/jars/classes.jar
java_class_path (initial): /home/genji/android/android-sdk-linux/build-tools/23.0.2/lib/dx.jar
Launcher Type: SUN_STANDARD

Environment Variables:
JAVA_HOME=/usr/lib/jvm/java-8-oracle
PATH=/home/genji/bin:/usr/local/sbin:/usr/local/bin:/usr/sbin:/usr/bin:/sbin:/bin:/usr/games:/usr/local/games:/snap/bin:/usr/lib/jvm/java-8-oracle/bin:/usr/lib/jvm/java-8-oracle/db/bin:/usr/lib/jvm/java-8-oracle/jre/bin
USERNAME=genji
LD_LIBRARY_PATH=/opt/android-studio/bin:
SHELL=/bin/bash
DISPLAY=:1

Signal Handlers:
SIGSEGV: [libjvm.so+0xac78c0], sa_mask[0]=11111111011111111101111111111110, sa_flags=SA_RESTART|SA_SIGINFO
SIGBUS: [libjvm.so+0xac78c0], sa_mask[0]=11111111011111111101111111111110, sa_flags=SA_RESTART|SA_SIGINFO
SIGFPE: [libjvm.so+0x920ac0], sa_mask[0]=11111111011111111101111111111110, sa_flags=SA_RESTART|SA_SIGINFO
SIGPIPE: [libjvm.so+0x920ac0], sa_mask[0]=11111111011111111101111111111110, sa_flags=SA_RESTART|SA_SIGINFO
SIGXFSZ: [libjvm.so+0x920ac0], sa_mask[0]=11111111011111111101111111111110, sa_flags=SA_RESTART|SA_SIGINFO
SIGILL: [libjvm.so+0x920ac0], sa_mask[0]=11111111011111111101111111111110, sa_flags=SA_RESTART|SA_SIGINFO
SIGUSR1: SIG_DFL, sa_mask[0]=00000000000000000000000000000000, sa_flags=none
SIGUSR2: [libjvm.so+0x922300], sa_mask[0]=00100000000000000000000000000000, sa_flags=SA_RESTART|SA_SIGINFO
SIGHUP: [libjvm.so+0x923700], sa_mask[0]=11111111011111111101111111111110, sa_flags=SA_RESTART|SA_SIGINFO
SIGINT: [libjvm.so+0x923700], sa_mask[0]=11111111011111111101111111111110, sa_flags=SA_RESTART|SA_SIGINFO
SIGTERM: [libjvm.so+0x923700], sa_mask[0]=11111111011111111101111111111110, sa_flags=SA_RESTART|SA_SIGINFO
SIGQUIT: [libjvm.so+0x923700], sa_mask[0]=11111111011111111101111111111110, sa_flags=SA_RESTART|SA_SIGINFO


---------------  S Y S T E M  ---------------

OS:DISTRIB_ID=Ubuntu
DISTRIB_RELEASE=16.04
DISTRIB_CODENAME=xenial
DISTRIB_DESCRIPTION="Ubuntu 16.04.1 LTS"

uname:Linux 4.4.0-59-generic #80-Ubuntu SMP Fri Jan 6 17:47:47 UTC 2017 x86_64
libc:glibc 2.23 NPTL 2.23 
rlimit: STACK 8192k, CORE 0k, NPROC 30103, NOFILE 65536, AS infinity
load average:9.11 2.39 1.22

/proc/meminfo:
MemTotal:        7746824 kB
MemFree:          266928 kB
MemAvailable:     186512 kB
Buffers:            1012 kB
Cached:           735280 kB
SwapCached:        14444 kB
Active:          5230052 kB
Inactive:        1183612 kB
Active(anon):    5216896 kB
Inactive(anon):  1144596 kB
Active(file):      13156 kB
Inactive(file):    39016 kB
Unevictable:       18140 kB
Mlocked:           18140 kB
SwapTotal:        488444 kB
SwapFree:             88 kB
Dirty:                 0 kB
Writeback:             0 kB
AnonPages:       5683804 kB
Mapped:          1082076 kB
Shmem:            665436 kB
Slab:             119220 kB
SReclaimable:      56904 kB
SUnreclaim:        62316 kB
KernelStack:       17488 kB
PageTables:        74796 kB
NFS_Unstable:          0 kB
Bounce:                0 kB
WritebackTmp:          0 kB
CommitLimit:     4361856 kB
Committed_AS:   14744600 kB
VmallocTotal:   34359738367 kB
VmallocUsed:           0 kB
VmallocChunk:          0 kB
HardwareCorrupted:     0 kB
AnonHugePages:   2000896 kB
CmaTotal:              0 kB
CmaFree:               0 kB
HugePages_Total:       0
HugePages_Free:        0
HugePages_Rsvd:        0
HugePages_Surp:        0
Hugepagesize:       2048 kB
DirectMap4k:      305416 kB
DirectMap2M:     7649280 kB


CPU:total 4 (2 cores per cpu, 2 threads per core) family 6 model 58 stepping 9, cmov, cx8, fxsr, mmx, sse, sse2, sse3, ssse3, sse4.1, sse4.2, popcnt, avx, aes, clmul, erms, ht, tsc, tscinvbit, tscinv

/proc/cpuinfo:
processor	: 0
vendor_id	: GenuineIntel
cpu family	: 6
model		: 58
model name	: Intel(R) Core(TM) i5-3210M CPU @ 2.50GHz
stepping	: 9
microcode	: 0x1b
cpu MHz		: 2899.902
cache size	: 3072 KB
physical id	: 0
siblings	: 4
core id		: 0
cpu cores	: 2
apicid		: 0
initial apicid	: 0
fpu		: yes
fpu_exception	: yes
cpuid level	: 13
wp		: yes
flags		: fpu vme de pse tsc msr pae mce cx8 apic sep mtrr pge mca cmov pat pse36 clflush dts acpi mmx fxsr sse sse2 ss ht tm pbe syscall nx rdtscp lm constant_tsc arch_perfmon pebs bts rep_good nopl xtopology nonstop_tsc aperfmperf eagerfpu pni pclmulqdq dtes64 monitor ds_cpl vmx est tm2 ssse3 cx16 xtpr pdcm pcid sse4_1 sse4_2 x2apic popcnt tsc_deadline_timer aes xsave avx f16c rdrand lahf_lm epb tpr_shadow vnmi flexpriority ept vpid fsgsbase smep erms xsaveopt dtherm ida arat pln pts
bugs		:
bogomips	: 4988.70
clflush size	: 64
cache_alignment	: 64
address sizes	: 36 bits physical, 48 bits virtual
power management:

processor	: 1
vendor_id	: GenuineIntel
cpu family	: 6
model		: 58
model name	: Intel(R) Core(TM) i5-3210M CPU @ 2.50GHz
stepping	: 9
microcode	: 0x1b
cpu MHz		: 2900.000
cache size	: 3072 KB
physical id	: 0
siblings	: 4
core id		: 0
cpu cores	: 2
apicid		: 1
initial apicid	: 1
fpu		: yes
fpu_exception	: yes
cpuid level	: 13
wp		: yes
flags		: fpu vme de pse tsc msr pae mce cx8 apic sep mtrr pge mca cmov pat pse36 clflush dts acpi mmx fxsr sse sse2 ss ht tm pbe syscall nx rdtscp lm constant_tsc arch_perfmon pebs bts rep_good nopl xtopology nonstop_tsc aperfmperf eagerfpu pni pclmulqdq dtes64 monitor ds_cpl vmx est tm2 ssse3 cx16 xtpr pdcm pcid sse4_1 sse4_2 x2apic popcnt tsc_deadline_timer aes xsave avx f16c rdrand lahf_lm epb tpr_shadow vnmi flexpriority ept vpid fsgsbase smep erms xsaveopt dtherm ida arat pln pts
bugs		:
bogomips	: 4988.70
clflush size	: 64
cache_alignment	: 64
address sizes	: 36 bits physical, 48 bits virtual
power management:

processor	: 2
vendor_id	: GenuineIntel
cpu family	: 6
model		: 58
model name	: Intel(R) Core(TM) i5-3210M CPU @ 2.50GHz
stepping	: 9
microcode	: 0x1b
cpu MHz		: 2899.902
cache size	: 3072 KB
physical id	: 0
siblings	: 4
core id		: 1
cpu cores	: 2
apicid		: 2
initial apicid	: 2
fpu		: yes
fpu_exception	: yes
cpuid level	: 13
wp		: yes
flags		: fpu vme de pse tsc msr pae mce cx8 apic sep mtrr pge mca cmov pat pse36 clflush dts acpi mmx fxsr sse sse2 ss ht tm pbe syscall nx rdtscp lm constant_tsc arch_perfmon pebs bts rep_good nopl xtopology nonstop_tsc aperfmperf eagerfpu pni pclmulqdq dtes64 monitor ds_cpl vmx est tm2 ssse3 cx16 xtpr pdcm pcid sse4_1 sse4_2 x2apic popcnt tsc_deadline_timer aes xsave avx f16c rdrand lahf_lm epb tpr_shadow vnmi flexpriority ept vpid fsgsbase smep erms xsaveopt dtherm ida arat pln pts
bugs		:
bogomips	: 4988.70
clflush size	: 64
cache_alignment	: 64
address sizes	: 36 bits physical, 48 bits virtual
power management:

processor	: 3
vendor_id	: GenuineIntel
cpu family	: 6
model		: 58
model name	: Intel(R) Core(TM) i5-3210M CPU @ 2.50GHz
stepping	: 9
microcode	: 0x1b
cpu MHz		: 2899.902
cache size	: 3072 KB
physical id	: 0
siblings	: 4
core id		: 1
cpu cores	: 2
apicid		: 3
initial apicid	: 3
fpu		: yes
fpu_exception	: yes
cpuid level	: 13
wp		: yes
flags		: fpu vme de pse tsc msr pae mce cx8 apic sep mtrr pge mca cmov pat pse36 clflush dts acpi mmx fxsr sse sse2 ss ht tm pbe syscall nx rdtscp lm constant_tsc arch_perfmon pebs bts rep_good nopl xtopology nonstop_tsc aperfmperf eagerfpu pni pclmulqdq dtes64 monitor ds_cpl vmx est tm2 ssse3 cx16 xtpr pdcm pcid sse4_1 sse4_2 x2apic popcnt tsc_deadline_timer aes xsave avx f16c rdrand lahf_lm epb tpr_shadow vnmi flexpriority ept vpid fsgsbase smep erms xsaveopt dtherm ida arat pln pts
bugs		:
bogomips	: 4988.70
clflush size	: 64
cache_alignment	: 64
address sizes	: 36 bits physical, 48 bits virtual
power management:



Memory: 4k page, physical 7746824k(266680k free), swap 488444k(88k free)

vm_info: Java HotSpot(TM) 64-Bit Server VM (25.121-b13) for linux-amd64 JRE (1.8.0_121-b13), built on Dec 12 2016 16:36:53 by "java_re" with gcc 4.3.0 20080428 (Red Hat 4.3.0-8)

time: Thu Jan 26 15:23:18 2017
elapsed time: 18 seconds (0d 0h 0m 18s)

